<?xml version="1.0" encoding="UTF-8"?>
<!-- Generated by org.testng.reporters.JUnitReportReporter -->
<testsuite hostname="DESKTOP-G87JEF3" failures="0" tests="1" name="A.cc" time="0.014" errors="0" timestamp="2023-01-10T19:54:57 IST" skipped="0">
  <testcase classname="A.cc" name="meth" time="0.014"/>
  <system-out/>
</testsuite> <!-- A.cc -->
