<?xml version="1.0" encoding="UTF-8"?>
<!-- Generated by org.testng.reporters.JUnitReportReporter -->
<testsuite hostname="DESKTOP-G87JEF3" failures="0" tests="3" name="TestNG.SkipTestcase" time="11.719" errors="0" timestamp="2023-02-02T01:08:20 IST" skipped="2">
  <testcase classname="TestNG.SkipTestcase" name="me1" time="11.719"/>
  <system-out/>
  <testcase classname="TestNG.SkipTestcase" name="me3">
    <skipped/>
  </testcase> <!-- me3 -->
  <system-out/>
  <testcase classname="TestNG.SkipTestcase" name="me2">
    <skipped/>
  </testcase> <!-- me2 -->
  <system-out/>
</testsuite> <!-- TestNG.SkipTestcase -->
