<?xml version="1.0" encoding="UTF-8"?>
<!-- Generated by org.testng.reporters.JUnitReportReporter -->
<testsuite hostname="DESKTOP-G87JEF3" failures="0" tests="1" name="DataProvider.Excel" time="1.485" errors="0" timestamp="2023-02-01T16:54:26 IST" skipped="0">
  <testcase classname="DataProvider.Excel" name="GetValuefromexcel" time="1.485"/>
  <system-out/>
</testsuite> <!-- DataProvider.Excel -->
