<?xml version="1.0" encoding="UTF-8"?>
<!-- Generated by org.testng.reporters.JUnitReportReporter -->
<testsuite hostname="DESKTOP-G87JEF3" failures="0" tests="2" name="Selenium.TestNGSkipTestCases" time="0.018" errors="0" timestamp="2023-02-23T02:40:23 IST" skipped="2">
  <testcase classname="Selenium.TestNGSkipTestCases" name="skip2" time="0.018">
    <skipped/>
  </testcase> <!-- skip2 -->
  <system-out/>
  <testcase classname="Selenium.TestNGSkipTestCases" name="skip1">
    <skipped/>
  </testcase> <!-- skip1 -->
  <system-out/>
</testsuite> <!-- Selenium.TestNGSkipTestCases -->
